0 verbose cli C:\Program Files\nodejs\node.exe C:\Program Files\nodejs\node_modules\npm\bin\npm-cli.js
1 info using npm@10.8.2
2 info using node@v20.18.0
3 silly config load:file:C:\Program Files\nodejs\node_modules\npm\npmrc
4 silly config load:file:C:\Users\baczk\OneDrive\Bureau\serve-employees\.npmrc
5 silly config load:file:C:\Users\baczk\.npmrc
6 silly config load:file:C:\Users\baczk\OneDrive\Bureau\serve-employees\UsersbaczkAppDataRoamingnpm\etc\npmrc
7 verbose title npm install cors
8 verbose argv "install" "cors"
9 verbose logfile logs-max:10 dir:C:\Users\baczk\OneDrive\Bureau\serve-employees\UsersbaczkAppDataRoamingnpm-cache\_logs\2024-10-30T14_45_08_580Z-
10 verbose logfile C:\Users\baczk\OneDrive\Bureau\serve-employees\UsersbaczkAppDataRoamingnpm-cache\_logs\2024-10-30T14_45_08_580Z-debug-0.log
11 silly packumentCache heap:4345298944 maxSize:1086324736 maxEntrySize:543162368
12 silly logfile done cleaning log files
13 silly idealTree buildDeps
14 silly fetch manifest cors@*
15 silly packumentCache full:https://registry.npmjs.org/cors cache-miss
16 http fetch GET 200 https://registry.npmjs.org/cors 182ms (cache miss)
17 silly packumentCache full:https://registry.npmjs.org/cors set size:undefined disposed:false
18 silly placeDep ROOT cors@2.8.5 OK for: serve-employees@1.0.0 want: *
19 silly fetch manifest object-assign@^4
20 silly packumentCache full:https://registry.npmjs.org/object-assign cache-miss
21 http fetch GET 200 https://registry.npmjs.org/object-assign 49ms (cache miss)
22 silly packumentCache full:https://registry.npmjs.org/object-assign set size:undefined disposed:false
23 silly placeDep ROOT object-assign@4.1.1 OK for: cors@2.8.5 want: ^4
24 silly reify moves {}
25 silly audit bulk request {
25 silly audit   accepts: [ '1.3.8' ],
25 silly audit   'array-flatten': [ '1.1.1' ],
25 silly audit   'body-parser': [ '1.20.3' ],
25 silly audit   bytes: [ '3.1.2' ],
25 silly audit   'call-bind': [ '1.0.7' ],
25 silly audit   'content-disposition': [ '0.5.4' ],
25 silly audit   'content-type': [ '1.0.5' ],
25 silly audit   cookie: [ '0.7.1' ],
25 silly audit   'cookie-signature': [ '1.0.6' ],
25 silly audit   debug: [ '2.6.9' ],
25 silly audit   'define-data-property': [ '1.1.4' ],
25 silly audit   depd: [ '2.0.0' ],
25 silly audit   destroy: [ '1.2.0' ],
25 silly audit   'ee-first': [ '1.1.1' ],
25 silly audit   encodeurl: [ '2.0.0', '1.0.2' ],
25 silly audit   'es-define-property': [ '1.0.0' ],
25 silly audit   'es-errors': [ '1.3.0' ],
25 silly audit   'escape-html': [ '1.0.3' ],
25 silly audit   etag: [ '1.8.1' ],
25 silly audit   express: [ '4.21.1' ],
25 silly audit   finalhandler: [ '1.3.1' ],
25 silly audit   forwarded: [ '0.2.0' ],
25 silly audit   fresh: [ '0.5.2' ],
25 silly audit   'function-bind': [ '1.1.2' ],
25 silly audit   'get-intrinsic': [ '1.2.4' ],
25 silly audit   gopd: [ '1.0.1' ],
25 silly audit   'has-property-descriptors': [ '1.0.2' ],
25 silly audit   'has-proto': [ '1.0.3' ],
25 silly audit   'has-symbols': [ '1.0.3' ],
25 silly audit   hasown: [ '2.0.2' ],
25 silly audit   'http-errors': [ '2.0.0' ],
25 silly audit   'iconv-lite': [ '0.4.24' ],
25 silly audit   inherits: [ '2.0.4' ],
25 silly audit   'ipaddr.js': [ '1.9.1' ],
25 silly audit   'media-typer': [ '0.3.0' ],
25 silly audit   'merge-descriptors': [ '1.0.3' ],
25 silly audit   methods: [ '1.1.2' ],
25 silly audit   mime: [ '1.6.0' ],
25 silly audit   'mime-db': [ '1.52.0' ],
25 silly audit   'mime-types': [ '2.1.35' ],
25 silly audit   ms: [ '2.0.0', '2.1.3' ],
25 silly audit   negotiator: [ '0.6.3' ],
25 silly audit   'object-inspect': [ '1.13.2' ],
25 silly audit   'on-finished': [ '2.4.1' ],
25 silly audit   parseurl: [ '1.3.3' ],
25 silly audit   'path-to-regexp': [ '0.1.10' ],
25 silly audit   'proxy-addr': [ '2.0.7' ],
25 silly audit   qs: [ '6.13.0' ],
25 silly audit   'range-parser': [ '1.2.1' ],
25 silly audit   'raw-body': [ '2.5.2' ],
25 silly audit   'safe-buffer': [ '5.2.1' ],
25 silly audit   'safer-buffer': [ '2.1.2' ],
25 silly audit   send: [ '0.19.0' ],
25 silly audit   'serve-static': [ '1.16.2' ],
25 silly audit   'set-function-length': [ '1.2.2' ],
25 silly audit   setprototypeof: [ '1.2.0' ],
25 silly audit   'side-channel': [ '1.0.6' ],
25 silly audit   statuses: [ '2.0.1' ],
25 silly audit   toidentifier: [ '1.0.1' ],
25 silly audit   'type-is': [ '1.6.18' ],
25 silly audit   unpipe: [ '1.0.0' ],
25 silly audit   'utils-merge': [ '1.0.1' ],
25 silly audit   vary: [ '1.1.2' ],
25 silly audit   cors: [ '2.8.5' ],
25 silly audit   'object-assign': [ '4.1.1' ]
25 silly audit }
26 silly tarball no local data for object-assign@https://registry.npmjs.org/object-assign/-/object-assign-4.1.1.tgz. Extracting by manifest.
27 silly tarball no local data for cors@https://registry.npmjs.org/cors/-/cors-2.8.5.tgz. Extracting by manifest.
28 http fetch GET 200 https://registry.npmjs.org/object-assign/-/object-assign-4.1.1.tgz 156ms (cache miss)
29 http fetch GET 200 https://registry.npmjs.org/cors/-/cors-2.8.5.tgz 169ms (cache miss)
30 http fetch POST 200 https://registry.npmjs.org/-/npm/v1/security/advisories/bulk 182ms
31 silly audit report {}
32 silly ADD node_modules/object-assign
33 silly ADD node_modules/cors
34 verbose cwd C:\Users\baczk\OneDrive\Bureau\serve-employees
35 verbose os Windows_NT 10.0.22631
36 verbose node v20.18.0
37 verbose npm  v10.8.2
38 verbose exit 0
39 info ok
